----------------------------------------------------------------
Fri Jan 28 21:44:48 CET 2022:
Booting Derby version The Apache Software Foundation - Apache Derby - 10.15.2.0 - (1873585): instance a816c00e-017e-a26e-f5c3-00000eaf4a90 
on database directory memory:C:\Users\GiuseppeCristiano\Documents\personalWorkspace\github\yasp-project\yasp\testDB with class loader jdk.internal.loader.ClassLoaders$AppClassLoader@3764951d 
Loaded from file:/C:/Users/GiuseppeCristiano/Documents/personalWorkspace/github/yasp-project/yasp/null/Coursier/cache/v1/https/repo1.maven.org/maven2/org/apache/derby/derby/10.15.2.0/derby-10.15.2.0.jar
java.vendor=Oracle Corporation
java.runtime.version=15.0.2+7-27
user.dir=C:\Users\GiuseppeCristiano\Documents\personalWorkspace\github\yasp-project\yasp
os.name=Windows 10
os.arch=amd64
os.version=10.0
derby.system.home=null
Database Class Loader started - derby.database.classpath=''
----------------------------------------------------------------
Fri Jan 28 21:44:48 CET 2022:
Booting Derby version The Apache Software Foundation - Apache Derby - 10.15.2.0 - (1873585): instance e66540fa-017e-a26e-f5c3-00000eaf4a90 
on database directory memory:C:\Users\GiuseppeCristiano\Documents\personalWorkspace\github\yasp-project\yasp\testCredsDB with class loader jdk.internal.loader.ClassLoaders$AppClassLoader@3764951d 
Loaded from file:/C:/Users/GiuseppeCristiano/Documents/personalWorkspace/github/yasp-project/yasp/null/Coursier/cache/v1/https/repo1.maven.org/maven2/org/apache/derby/derby/10.15.2.0/derby-10.15.2.0.jar
java.vendor=Oracle Corporation
java.runtime.version=15.0.2+7-27
user.dir=C:\Users\GiuseppeCristiano\Documents\personalWorkspace\github\yasp-project\yasp
os.name=Windows 10
os.arch=amd64
os.version=10.0
derby.system.home=null
Database Class Loader started - derby.database.classpath=''
